C:\USERS\AKOMARY\DESKTOP\GRAFIKA GRA\OPENGL\DEBUG\OPENGL.PCH
C:\USERS\AKOMARY\DESKTOP\GRAFIKA GRA\OPENGL\DEBUG\STDAFX.OBJ
C:\USERS\AKOMARY\DESKTOP\GRAFIKA GRA\OPENGL\DEBUG\VC110.PDB
C:\USERS\AKOMARY\DESKTOP\GRAFIKA GRA\OPENGL\DEBUG\RYSOWANIE.OBJ
C:\USERS\AKOMARY\DESKTOP\GRAFIKA GRA\OPENGL\DEBUG\OPENGL.OBJ
C:\USERS\AKOMARY\DESKTOP\GRAFIKA GRA\OPENGL\DEBUG\TDRZEWO.OBJ
C:\USERS\AKOMARY\DESKTOP\GRAFIKA GRA\OPENGL\DEBUG\TJEZIORO.OBJ
C:\USERS\AKOMARY\DESKTOP\GRAFIKA GRA\OPENGL\DEBUG\TKULA.OBJ
C:\USERS\AKOMARY\DESKTOP\GRAFIKA GRA\OPENGL\DEBUG\TLAMPA.OBJ
C:\USERS\AKOMARY\DESKTOP\GRAFIKA GRA\OPENGL\DEBUG\TPROSTOPAD.OBJ
C:\USERS\AKOMARY\DESKTOP\GRAFIKA GRA\DEBUG\OPENGL.ILK
C:\USERS\AKOMARY\DESKTOP\GRAFIKA GRA\DEBUG\OPENGL.EXE
C:\USERS\AKOMARY\DESKTOP\GRAFIKA GRA\DEBUG\OPENGL.PDB
C:\USERS\AKOMARY\DESKTOP\GRAFIKA GRA\OPENGL\DEBUG\OPENGL.RES
C:\Users\Akomary\Desktop\grafika gra\OpenGL\Debug\OpenGL.obj
C:\Users\Akomary\Desktop\grafika gra\OpenGL\Debug\Rysowanie.obj
C:\Users\Akomary\Desktop\grafika gra\OpenGL\Debug\stdafx.obj
C:\Users\Akomary\Desktop\grafika gra\OpenGL\Debug\tdrzewo.obj
C:\Users\Akomary\Desktop\grafika gra\OpenGL\Debug\tjezioro.obj
C:\Users\Akomary\Desktop\grafika gra\OpenGL\Debug\tkula.obj
C:\Users\Akomary\Desktop\grafika gra\OpenGL\Debug\tlampa.obj
C:\Users\Akomary\Desktop\grafika gra\OpenGL\Debug\tprostopad.obj
C:\Users\Akomary\Desktop\grafika gra\OpenGL\Debug\cl.command.1.tlog
C:\Users\Akomary\Desktop\grafika gra\OpenGL\Debug\CL.read.1.tlog
C:\Users\Akomary\Desktop\grafika gra\OpenGL\Debug\CL.write.1.tlog
C:\Users\Akomary\Desktop\grafika gra\OpenGL\Debug\link-cvtres.read.1.tlog
C:\Users\Akomary\Desktop\grafika gra\OpenGL\Debug\link-cvtres.write.1.tlog
C:\Users\Akomary\Desktop\grafika gra\OpenGL\Debug\link-rc.read.1.tlog
C:\Users\Akomary\Desktop\grafika gra\OpenGL\Debug\link-rc.write.1.tlog
C:\Users\Akomary\Desktop\grafika gra\OpenGL\Debug\link.command.1.tlog
C:\Users\Akomary\Desktop\grafika gra\OpenGL\Debug\link.read.1.tlog
C:\Users\Akomary\Desktop\grafika gra\OpenGL\Debug\link.write.1.tlog
C:\Users\Akomary\Desktop\grafika gra\OpenGL\Debug\rc.command.1.tlog
C:\Users\Akomary\Desktop\grafika gra\OpenGL\Debug\rc.read.1.tlog
C:\Users\Akomary\Desktop\grafika gra\OpenGL\Debug\rc.write.1.tlog
C:\Users\Akomary\Desktop\grafika gra\OpenGL\Debug\OpenGL.res
C:\Users\Akomary\Desktop\grafika gra\OpenGL\Debug\OpenGL.pch
C:\Users\Akomary\Desktop\grafika gra\OpenGL\Debug\vc110.idb
C:\Users\Akomary\Desktop\grafika gra\OpenGL\Debug\vc110.pdb
C:\Users\Akomary\Desktop\grafika gra\Debug\OpenGL.pdb
C:\Users\Akomary\Desktop\grafika gra\Debug\OpenGL.exe
C:\Users\Akomary\Desktop\grafika gra\Debug\OpenGL.ilk
